# JRE version: Java(TM) SE Runtime Environment (8.0_144-b01) (build 1.8.0_144-b01)
# Java VM: Java HotSpot(TM) 64-Bit Server VM (25.144-b01 mixed mode windows-amd64 compressed oops)
Heap:
 PSYoungGen      total 315904K, used 279472K [0x00000000eb180000, 0x00000000ffe00000, 0x0000000100000000)
  eden space 294400K, 91% used [0x00000000eb180000,0x00000000fb73f930,0x00000000fd100000)
  from space 21504K, 53% used [0x00000000fe900000,0x00000000ff42c7c0,0x00000000ffe00000)
  to   space 23040K, 0% used [0x00000000fd100000,0x00000000fd100000,0x00000000fe780000)
 ParOldGen       total 76288K, used 47508K [0x00000000c1400000, 0x00000000c5e80000, 0x00000000eb180000)
  object space 76288K, 62% used [0x00000000c1400000,0x00000000c4265118,0x00000000c5e80000)
 Metaspace       used 83238K, capacity 84810K, committed 84884K, reserved 1122304K
  class space    used 10788K, capacity 11133K, committed 11156K, reserved 1048576K
GC Heap History (10 events):
Event: 43.487 GC heap before
{Heap before GC invocations=19 (full 3):
 PSYoungGen      total 317952K, used 3878K [0x00000000eb180000, 0x0000000100000000, 0x0000000100000000)
  eden space 304640K, 0% used [0x00000000eb180000,0x00000000eb180000,0x00000000fdb00000)
  from space 13312K, 29% used [0x00000000ff300000,0x00000000ff6c9b00,0x0000000100000000)
  to   space 18944K, 0% used [0x00000000fdb00000,0x00000000fdb00000,0x00000000fed80000)
 ParOldGen       total 46592K, used 34741K [0x00000000c1400000, 0x00000000c4180000, 0x00000000eb180000)
  object space 46592K, 74% used [0x00000000c1400000,0x00000000c35ed680,0x00000000c4180000)
 Metaspace       used 57892K, capacity 58994K, committed 59028K, reserved 1099776K
  class space    used 7554K, capacity 7828K, committed 7828K, reserved 1048576K
Event: 43.970 GC heap after
Heap after GC invocations=19 (full 3):
 PSYoungGen      total 317952K, used 0K [0x00000000eb180000, 0x0000000100000000, 0x0000000100000000)
  eden space 304640K, 0% used [0x00000000eb180000,0x00000000eb180000,0x00000000fdb00000)
  from space 13312K, 0% used [0x00000000ff300000,0x00000000ff300000,0x0000000100000000)
  to   space 18944K, 0% used [0x00000000fdb00000,0x00000000fdb00000,0x00000000fed80000)
 ParOldGen       total 76288K, used 32565K [0x00000000c1400000, 0x00000000c5e80000, 0x00000000eb180000)
  object space 76288K, 42% used [0x00000000c1400000,0x00000000c33cd710,0x00000000c5e80000)
 Metaspace       used 57892K, capacity 58994K, committed 59028K, reserved 1099776K
  class space    used 7554K, capacity 7828K, committed 7828K, reserved 1048576K
}
Event: 54.595 GC heap before
{Heap before GC invocations=20 (full 3):
 PSYoungGen      total 317952K, used 304640K [0x00000000eb180000, 0x0000000100000000, 0x0000000100000000)
  eden space 304640K, 100% used [0x00000000eb180000,0x00000000fdb00000,0x00000000fdb00000)
  from space 13312K, 0% used [0x00000000ff300000,0x00000000ff300000,0x0000000100000000)
  to   space 18944K, 0% used [0x00000000fdb00000,0x00000000fdb00000,0x00000000fed80000)
 ParOldGen       total 76288K, used 32565K [0x00000000c1400000, 0x00000000c5e80000, 0x00000000eb180000)
  object space 76288K, 42% used [0x00000000c1400000,0x00000000c33cd710,0x00000000c5e80000)
 Metaspace       used 68581K, capacity 69714K, committed 70036K, reserved 1110016K
  class space    used 9056K, capacity 9332K, committed 9364K, reserved 1048576K
Event: 54.623 GC heap after
Heap after GC invocations=20 (full 3):
 PSYoungGen      total 321024K, used 15980K [0x00000000eb180000, 0x0000000100000000, 0x0000000100000000)
  eden space 304640K, 0% used [0x00000000eb180000,0x00000000eb180000,0x00000000fdb00000)
  from space 16384K, 97% used [0x00000000fdb00000,0x00000000fea9b0c0,0x00000000feb00000)
  to   space 20992K, 0% used [0x00000000feb80000,0x00000000feb80000,0x0000000100000000)
 ParOldGen       total 76288K, used 32573K [0x00000000c1400000, 0x00000000c5e80000, 0x00000000eb180000)
  object space 76288K, 42% used [0x00000000c1400000,0x00000000c33cf710,0x00000000c5e80000)
 Metaspace       used 68581K, capacity 69714K, committed 70036K, reserved 1110016K
  class space    used 9056K, capacity 9332K, committed 9364K, reserved 1048576K
}
Event: 62.793 GC heap before
{Heap before GC invocations=21 (full 3):
 PSYoungGen      total 321024K, used 320620K [0x00000000eb180000, 0x0000000100000000, 0x0000000100000000)
  eden space 304640K, 100% used [0x00000000eb180000,0x00000000fdb00000,0x00000000fdb00000)
  from space 16384K, 97% used [0x00000000fdb00000,0x00000000fea9b0c0,0x00000000feb00000)
  to   space 20992K, 0% used [0x00000000feb80000,0x00000000feb80000,0x0000000100000000)
 ParOldGen       total 76288K, used 32573K [0x00000000c1400000, 0x00000000c5e80000, 0x00000000eb180000)
  object space 76288K, 42% used [0x00000000c1400000,0x00000000c33cf710,0x00000000c5e80000)
 Metaspace       used 76185K, capacity 77506K, committed 77716K, reserved 1116160K
  class space    used 10030K, capacity 10352K, committed 10388K, reserved 1048576K
Event: 62.856 GC heap after
Heap after GC invocations=21 (full 3):
 PSYoungGen      total 314368K, used 20965K [0x00000000eb180000, 0x0000000100000000, 0x0000000100000000)
  eden space 293376K, 0% used [0x00000000eb180000,0x00000000eb180000,0x00000000fd000000)
  from space 20992K, 99% used [0x00000000feb80000,0x00000000ffff97a0,0x0000000100000000)
  to   space 24576K, 0% used [0x00000000fd000000,0x00000000fd000000,0x00000000fe800000)
 ParOldGen       total 76288K, used 32713K [0x00000000c1400000, 0x00000000c5e80000, 0x00000000eb180000)
  object space 76288K, 42% used [0x00000000c1400000,0x00000000c33f2498,0x00000000c5e80000)
 Metaspace       used 76185K, capacity 77506K, committed 77716K, reserved 1116160K
  class space    used 10030K, capacity 10352K, committed 10388K, reserved 1048576K
}
Event: 67.330 GC heap before
{Heap before GC invocations=22 (full 3):
 PSYoungGen      total 314368K, used 314341K [0x00000000eb180000, 0x0000000100000000, 0x0000000100000000)
  eden space 293376K, 100% used [0x00000000eb180000,0x00000000fd000000,0x00000000fd000000)
  from space 20992K, 99% used [0x00000000feb80000,0x00000000ffff97a0,0x0000000100000000)
  to   space 24576K, 0% used [0x00000000fd000000,0x00000000fd000000,0x00000000fe800000)
 ParOldGen       total 76288K, used 32713K [0x00000000c1400000, 0x00000000c5e80000, 0x00000000eb180000)
  object space 76288K, 42% used [0x00000000c1400000,0x00000000c33f2498,0x00000000c5e80000)
 Metaspace       used 79058K, capacity 80462K, committed 80660K, reserved 1120256K
  class space    used 10398K, capacity 10716K, committed 10772K, reserved 1048576K
Event: 67.378 GC heap after
Heap after GC invocations=22 (full 3):
 PSYoungGen      total 317952K, used 7796K [0x00000000eb180000, 0x0000000100000000, 0x0000000100000000)
  eden space 293376K, 0% used [0x00000000eb180000,0x00000000eb180000,0x00000000fd000000)
  from space 24576K, 31% used [0x00000000fd000000,0x00000000fd79d0b8,0x00000000fe800000)
  to   space 23552K, 0% used [0x00000000fe900000,0x00000000fe900000,0x0000000100000000)
 ParOldGen       total 76288K, used 47500K [0x00000000c1400000, 0x00000000c5e80000, 0x00000000eb180000)
  object space 76288K, 62% used [0x00000000c1400000,0x00000000c4263118,0x00000000c5e80000)
 Metaspace       used 79058K, capacity 80462K, committed 80660K, reserved 1120256K
  class space    used 10398K, capacity 10716K, committed 10772K, reserved 1048576K
}
Event: 71.135 GC heap before
{Heap before GC invocations=23 (full 3):
 PSYoungGen      total 317952K, used 301172K [0x00000000eb180000, 0x0000000100000000, 0x0000000100000000)
  eden space 293376K, 100% used [0x00000000eb180000,0x00000000fd000000,0x00000000fd000000)
  from space 24576K, 31% used [0x00000000fd000000,0x00000000fd79d0b8,0x00000000fe800000)
  to   space 23552K, 0% used [0x00000000fe900000,0x00000000fe900000,0x0000000100000000)
 ParOldGen       total 76288K, used 47500K [0x00000000c1400000, 0x00000000c5e80000, 0x00000000eb180000)
  object space 76288K, 62% used [0x00000000c1400000,0x00000000c4263118,0x00000000c5e80000)
 Metaspace       used 80468K, capacity 81904K, committed 82068K, reserved 1120256K
  class space    used 10581K, capacity 10887K, committed 10900K, reserved 1048576K
Event: 71.166 GC heap after
Heap after GC invocations=23 (full 3):
 PSYoungGen      total 315904K, used 11441K [0x00000000eb180000, 0x00000000ffe00000, 0x0000000100000000)
  eden space 294400K, 0% used [0x00000000eb180000,0x00000000eb180000,0x00000000fd100000)
  from space 21504K, 53% used [0x00000000fe900000,0x00000000ff42c7c0,0x00000000ffe00000)
  to   space 23040K, 0% used [0x00000000fd100000,0x00000000fd100000,0x00000000fe780000)
 ParOldGen       total 76288K, used 47508K [0x00000000c1400000, 0x00000000c5e80000, 0x00000000eb180000)
  object space 76288K, 62% used [0x00000000c1400000,0x00000000c4265118,0x00000000c5e80000)
 Metaspace       used 80468K, capacity 81904K, committed 82068K, reserved 1120256K
  class space    used 10581K, capacity 10887K, committed 10900K, reserved 1048576K
}

